<?xml version="1.0" encoding="UTF-8"?>
<!-- Generated by org.testng.reporters.JUnitXMLReporter -->
<testsuite ignored="3" hostname="LAPTOP-IO7O6G3K" failures="0" tests="1" name="Default test" time="4.668" errors="0" timestamp="2024-01-11T22:03:54 IST">
  <testcase classname="test.AddToCartTest" name="VerifyIfProductDetailsOnShoppingCartAreSimilarToProductAddedFromQuickViewTab" time="1.256"/>
  <testcase classname="test.AddToCartTest" name="verifyIfUserIsAbleToAddProductToCartFromProductDescriptionPage" time="0.0">
    <ignored/>
  </testcase> <!-- verifyIfUserIsAbleToAddProductToCartFromProductDescriptionPage -->
  <testcase classname="test.AddToCartTest" name="verifyIfUserIsAbleToAddProductToCartUsingQuickViewOption" time="0.0">
    <ignored/>
  </testcase> <!-- verifyIfUserIsAbleToAddProductToCartUsingQuickViewOption -->
  <testcase classname="test.AddToCartTest" name="verifyIfUserIsAbleToAddMultipleProductToCart" time="0.0">
    <ignored/>
  </testcase> <!-- verifyIfUserIsAbleToAddMultipleProductToCart -->
</testsuite> <!-- Default test -->
