<?xml version="1.0" encoding="UTF-8"?>
<!-- Generated by org.testng.reporters.JUnitXMLReporter -->
<testsuite ignored="2" hostname="LAPTOP-IO7O6G3K" failures="0" tests="1" name="Default test" time="7.813" errors="0" timestamp="2024-01-05T21:50:11 IST">
  <testcase classname="test.AddToCartTest" name="verifyIfUserIsAbleToAddProductToCartFromProductDescriptionPage" time="3.294"/>
  <testcase classname="test.AddToCartTest" name="verifyIfUserIsAbleToAddProductToCartUsingQuickViewOption" time="0.0">
    <ignored/>
  </testcase> <!-- verifyIfUserIsAbleToAddProductToCartUsingQuickViewOption -->
  <testcase classname="test.AddToCartTest" name="verifyIfUserIsAbleToAddMultipleProductToCart" time="0.0">
    <ignored/>
  </testcase> <!-- verifyIfUserIsAbleToAddMultipleProductToCart -->
</testsuite> <!-- Default test -->
