<?xml version="1.0" encoding="UTF-8"?>
<testng-results ignored="0" total="1" passed="1" failed="0" skipped="0">
  <reporter-output>
  </reporter-output>
  <suite started-at="2024-01-03T21:39:50 IST" name="Default suite" finished-at="2024-01-03T21:39:56 IST" duration-ms="6101">
    <groups>
    </groups>
    <test started-at="2024-01-03T21:39:50 IST" name="Default test" finished-at="2024-01-03T21:39:56 IST" duration-ms="6101">
      <class name="test.AddToCartTest">
        <test-method is-config="true" signature="openApplication()[pri:0, instance:test.AddToCartTest@121314f7]" started-at="2024-01-03T21:39:50 IST" name="openApplication" finished-at="2024-01-03T21:39:55 IST" duration-ms="5175" status="PASS">
          <reporter-output>
          </reporter-output>
        </test-method> <!-- openApplication -->
        <test-method signature="verifyIfUserIsAbleToAddProductToCartUsingQuickViewOption()[pri:0, instance:test.AddToCartTest@121314f7]" started-at="2024-01-03T21:39:55 IST" name="verifyIfUserIsAbleToAddProductToCartUsingQuickViewOption" finished-at="2024-01-03T21:39:56 IST" duration-ms="885" status="PASS">
          <reporter-output>
          </reporter-output>
        </test-method> <!-- verifyIfUserIsAbleToAddProductToCartUsingQuickViewOption -->
      </class> <!-- test.AddToCartTest -->
    </test> <!-- Default test -->
  </suite> <!-- Default suite -->
</testng-results>
